[2026-02-06T12:31:45.995Z] [requestId : REQ-001] Processing started
[2026-02-06T12:31:45.997Z] [requestId : REQ-001] Error: tokenizeAndSort is not defined
[2026-02-06T12:35:49.746Z] [requestId : REQ-001] Processing started
[2026-02-06T12:35:49.748Z] [requestId : REQ-001] Error: tokenizeAndSort is not defined
[2026-02-06T12:41:05.698Z] [requestId : REQ-001] Processing started
[2026-02-06T12:41:05.701Z] [requestId : REQ-001] Error: inputName is not defined
[2026-02-06T12:41:33.270Z] [requestId : REQ-001] Processing started
[2026-02-06T12:41:33.273Z] [requestId : REQ-001] Processing completed successfully
[2026-02-06T12:49:19.732Z] [requestId : REQ-001] Processing started
[2026-02-06T12:49:19.736Z] [requestId : REQ-001] Processing completed successfully
[2026-02-06T12:53:09.966Z] [requestId : REQ-001] Processing started
[2026-02-06T12:53:09.970Z] [requestId : REQ-001] Processing completed successfully
[2026-02-06T12:53:53.378Z] [requestId : REQ-001] Processing started
[2026-02-06T12:53:53.381Z] [requestId : REQ-001] Processing completed successfully
[2026-02-06T13:06:19.290Z] [requestId : REQ-003] Processing started
[2026-02-06T13:06:19.294Z] [requestId : REQ-003] Processing completed successfully
[2026-02-06T13:10:37.064Z] [requestId : REQ-003] Processing started
[2026-02-06T13:10:37.067Z] [requestId : REQ-003] Processing completed successfully
[2026-02-06T13:18:22.132Z] [requestId : REQ-003] Processing started
[2026-02-06T13:18:22.136Z] [requestId : REQ-003] Processing completed successfully
[2026-02-06T13:19:02.598Z] [requestId : REQ-003] Processing started
[2026-02-06T13:19:02.601Z] [requestId : REQ-003] Processing completed successfully
[2026-02-06T13:19:41.427Z] [requestId : REQ-003] Processing started
[2026-02-06T13:19:41.430Z] [requestId : REQ-003] Processing completed successfully
[2026-02-06T13:21:51.684Z] [requestId : REQ-003] Processing started
[2026-02-06T13:21:51.686Z] [requestId : REQ-003] Processing completed successfully
[2026-02-06T13:22:47.879Z] [requestId : REQ-003] Processing started
[2026-02-06T13:22:47.882Z] [requestId : REQ-003] Processing completed successfully
[2026-02-06T13:28:06.128Z] [requestId : REQ-003] Processing started
[2026-02-06T13:28:06.132Z] [requestId : REQ-003] Processing completed successfully
[2026-02-06T13:28:30.256Z] [requestId : REQ-001] Processing started
[2026-02-06T13:28:30.257Z] [userId : user1] [requestId : REQ-001] Output already exists, skipping processing
[2026-02-06T13:28:32.776Z] [requestId : REQ-002] Processing started
[2026-02-06T13:28:32.778Z] [requestId : REQ-002] Processing completed successfully
[2026-02-06T13:30:11.092Z] [requestId : REQ-001] Processing started
[2026-02-06T13:30:11.095Z] [requestId : REQ-001] Processing completed successfully
[2026-02-06T13:30:14.347Z] [requestId : REQ-002] Processing started
[2026-02-06T13:30:14.350Z] [requestId : REQ-002] Processing completed successfully
[2026-02-06T13:30:17.395Z] [requestId : REQ-003] Processing started
[2026-02-06T13:30:17.399Z] [requestId : REQ-003] Processing completed successfully
[2026-02-06T13:31:16.619Z] [requestId : REQ-003] Processing started
[2026-02-06T13:31:16.625Z] [requestId : REQ-003] Processing completed successfully
[2026-02-06T13:31:19.860Z] [requestId : REQ-002] Processing started
[2026-02-06T13:31:19.862Z] [requestId : REQ-002] Processing completed successfully
[2026-02-06T13:31:22.865Z] [requestId : REQ-001] Processing started
[2026-02-06T13:31:22.867Z] [requestId : REQ-001] Processing completed successfully
[2026-02-06T13:32:05.359Z] [requestId : REQ-001] Processing started
[2026-02-06T13:32:05.362Z] [requestId : REQ-001] Processing completed successfully
[2026-02-06T13:32:08.335Z] [requestId : REQ-002] Processing started
[2026-02-06T13:32:08.338Z] [requestId : REQ-002] Processing completed successfully
[2026-02-06T13:32:11.779Z] [requestId : REQ-003] Processing started
[2026-02-06T13:32:11.783Z] [requestId : REQ-003] Processing completed successfully
[2026-02-06T13:33:30.926Z] [requestId : REQ-003] Processing started
[2026-02-06T13:33:30.929Z] [requestId : REQ-003] Processing completed successfully
[2026-02-06T13:33:33.505Z] [requestId : REQ-002] Processing started
[2026-02-06T13:33:33.508Z] [requestId : REQ-002] Processing completed successfully
[2026-02-06T13:33:36.529Z] [requestId : REQ-001] Processing started
[2026-02-06T13:33:36.532Z] [requestId : REQ-001] Processing completed successfully
[2026-02-06T13:34:23.651Z] [requestId : REQ-001] Processing started
[2026-02-06T13:34:23.653Z] [requestId : REQ-001] Processing completed successfully
[2026-02-06T13:34:29.119Z] [requestId : REQ-002] Processing started
[2026-02-06T13:34:29.122Z] [requestId : REQ-002] Processing completed successfully
[2026-02-06T13:34:32.497Z] [requestId : REQ-003] Processing started
[2026-02-06T13:34:32.502Z] [requestId : REQ-003] Processing completed successfully
[2026-02-06T13:39:05.712Z] [requestId : REQ-003] Processing started
[2026-02-06T13:39:05.716Z] [requestId : REQ-003] Processing completed successfully
[2026-02-06T13:39:08.720Z] [requestId : REQ-002] Processing started
[2026-02-06T13:39:08.722Z] [requestId : REQ-002] Processing completed successfully
[2026-02-06T13:39:11.958Z] [requestId : REQ-001] Processing started
[2026-02-06T13:39:11.961Z] [requestId : REQ-001] Processing completed successfully
[2026-02-06T13:40:59.811Z] [requestId : REQ-004] Processing started
[2026-02-06T13:40:59.818Z] [requestId : REQ-004] Processing completed successfully
[2026-02-06T16:44:50.602Z] [requestId : REQ-001] Processing started
[2026-02-06T16:44:50.664Z] [requestId : REQ-001] Input file missing
[2026-02-06T16:46:55.755Z] [requestId : REQ-001] Processing started
[2026-02-06T16:46:55.759Z] [requestId : REQ-001] Input file missing
[2026-02-06T16:48:30.223Z] [requestId : REQ-001] Processing started
[2026-02-06T16:48:30.227Z] [requestId : REQ-001] Input file missing
[2026-02-06T16:49:27.850Z] [requestId : REQ-001] Processing started
[2026-02-06T16:49:27.854Z] [requestId : REQ-001] Input file missing
[2026-02-06T16:52:01.500Z] [requestId : REQ-005] Processing started
[2026-02-06T16:52:01.504Z] [requestId : REQ-005] Input file missing
[2026-02-06T16:55:05.637Z] [requestId : REQ-005] Processing started
[2026-02-06T16:55:05.654Z] [requestId : REQ-005] Processing completed successfully
